Performing C SOURCE FILE Test CMAKE_HAVE_LIBC_PTHREAD failed with the following output:
Change Dir: /home/nvidia/ros_rosbot_ws/build/CMakeFiles/CMakeTmp

Run Build Command(s):/usr/bin/make -f Makefile cmTC_c8450/fast && /usr/bin/make  -f CMakeFiles/cmTC_c8450.dir/build.make CMakeFiles/cmTC_c8450.dir/build
make[1]: 进入目录“/home/nvidia/ros_rosbot_ws/build/CMakeFiles/CMakeTmp”
Building C object CMakeFiles/cmTC_c8450.dir/src.c.o
/usr/bin/cc -DCMAKE_HAVE_LIBC_PTHREAD   -o CMakeFiles/cmTC_c8450.dir/src.c.o -c /home/nvidia/ros_rosbot_ws/build/CMakeFiles/CMakeTmp/src.c
Linking C executable cmTC_c8450
/usr/bin/cmake -E cmake_link_script CMakeFiles/cmTC_c8450.dir/link.txt --verbose=1
/usr/bin/cc -rdynamic CMakeFiles/cmTC_c8450.dir/src.c.o -o cmTC_c8450 
CMakeFiles/cmTC_c8450.dir/src.c.o：在函数‘main’中：
src.c:(.text+0x48)：对‘pthread_create’未定义的引用
src.c:(.text+0x50)：对‘pthread_detach’未定义的引用
src.c:(.text+0x58)：对‘pthread_cancel’未定义的引用
src.c:(.text+0x64)：对‘pthread_join’未定义的引用
src.c:(.text+0x74)：对‘pthread_atfork’未定义的引用
collect2: error: ld returned 1 exit status
CMakeFiles/cmTC_c8450.dir/build.make:98: recipe for target 'cmTC_c8450' failed
make[1]: *** [cmTC_c8450] Error 1
make[1]: 离开目录“/home/nvidia/ros_rosbot_ws/build/CMakeFiles/CMakeTmp”
Makefile:127: recipe for target 'cmTC_c8450/fast' failed
make: *** [cmTC_c8450/fast] Error 2


Source file was:
#include <pthread.h>

static void* test_func(void* data)
{
  return data;
}

int main(void)
{
  pthread_t thread;
  pthread_create(&thread, NULL, test_func, NULL);
  pthread_detach(thread);
  pthread_cancel(thread);
  pthread_join(thread, NULL);
  pthread_atfork(NULL, NULL, NULL);
  pthread_exit(NULL);

  return 0;
}

Determining if the function pthread_create exists in the pthreads failed with the following output:
Change Dir: /home/nvidia/ros_rosbot_ws/build/CMakeFiles/CMakeTmp

Run Build Command(s):/usr/bin/make -f Makefile cmTC_e4c41/fast && /usr/bin/make  -f CMakeFiles/cmTC_e4c41.dir/build.make CMakeFiles/cmTC_e4c41.dir/build
make[1]: 进入目录“/home/nvidia/ros_rosbot_ws/build/CMakeFiles/CMakeTmp”
Building C object CMakeFiles/cmTC_e4c41.dir/CheckFunctionExists.c.o
/usr/bin/cc   -DCHECK_FUNCTION_EXISTS=pthread_create -o CMakeFiles/cmTC_e4c41.dir/CheckFunctionExists.c.o -c /usr/share/cmake-3.23/Modules/CheckFunctionExists.c
Linking C executable cmTC_e4c41
/usr/bin/cmake -E cmake_link_script CMakeFiles/cmTC_e4c41.dir/link.txt --verbose=1
/usr/bin/cc  -DCHECK_FUNCTION_EXISTS=pthread_create -rdynamic CMakeFiles/cmTC_e4c41.dir/CheckFunctionExists.c.o -o cmTC_e4c41  -lpthreads 
/usr/bin/ld: 找不到 -lpthreads
collect2: error: ld returned 1 exit status
CMakeFiles/cmTC_e4c41.dir/build.make:98: recipe for target 'cmTC_e4c41' failed
make[1]: *** [cmTC_e4c41] Error 1
make[1]: 离开目录“/home/nvidia/ros_rosbot_ws/build/CMakeFiles/CMakeTmp”
Makefile:127: recipe for target 'cmTC_e4c41/fast' failed
make: *** [cmTC_e4c41/fast] Error 2



